연결 성공
=== RPG Game ===
게임을 시작합니다.
당신의 파티를 선택해주세요! ( 3명 남았습니다 )
========현재 선택한 파티=======
1. 전사
당신의 파티를 선택해주세요! ( 2명 남았습니다 )
========현재 선택한 파티=======
1. 전사
2. 마법사
당신의 파티를 선택해주세요! ( 1명 남았습니다 )
========현재 선택한 파티=======
1. 전사
2. 마법사
3. 성직자
파티 구성이 끝났습니다.
---당신의 파티원---
1. 전사
2. 마법사
3. 성직자
------------------------------------------------------------
-전투 시작-
=== 1 Stage ===
5마리 몬스터가 나타났다
====Round1====
악마의 턴입니다!
마법사을 목표로 잡았다!
악마가 마법사을 공격했다!
악마가 100의 데미지를 입혔다.
마법사의 남은 체력 :  100
------------------------------------------------------------
전사의 턴입니다!
어떤 행동을 취할까요?
누구를 공격하시겠습니까?
좀비을 목표로 잡았다!
전사가 좀비을 공격했다!
전사가 150의 데미지를 입혔다.
좀비의 남은 체력 :  50
------------------------------------------------------------
좀비의 턴입니다!
마법사을 목표로 잡았다!
좀비가 마법사을 공격했다!
좀비가 100의 데미지를 입혔다.
마법사의 남은 체력 :  44
------------------------------------------------------------
성직자의 턴입니다!
어떤 행동을 취할까요?
누구를 공격하시겠습니까?
마녀을 목표로 잡았다!
성직자가 마녀을 공격했다!
성직자가 20의 데미지를 입혔다.
마녀의 남은 체력 :  180
------------------------------------------------------------
좀비의 턴입니다!
마법사을 목표로 잡았다!
좀비가 마법사을 공격했다!
좀비가 62의 데미지를 입혔다.
마법사의 남은 체력 :  0
마법사을 쓰러트렸습니다!
------------------------------------------------------------
마녀의 턴입니다!
성직자을 목표로 잡았다!
마녀가 성직자을 공격했다!
마녀가 100의 데미지를 입혔다.
성직자의 남은 체력 :  50
------------------------------------------------------------
마녀의 턴입니다!
성직자을 목표로 잡았다!
마녀가 성직자을 공격했다!
마녀가 50의 데미지를 입혔다.
성직자의 남은 체력 :  0
성직자을 쓰러트렸습니다!
------------------------------------------------------------
악마의 턴입니다!
악마가 실수했다!
----------------------------------------------------------  --
전사의 턴입니다!
어떤 행동을 취할까요?
누구의 정보를 확인할까요?
1. 파티원
2. 몬스터
===좀비 정보===
● 이름 : 좀비
● 공격력 : 100
● 방어력 : 30
● 체력 : 86/200
● 속도 : 4
● 속성 : evil
전사의 턴입니다!
어떤 행동을 취할까요?
누구의 정보를 확인할까요?
1. 파티원
2. 몬스터
===전사 정보===
● 이름 : 전사
● 공격력 : 150
● 방어력 : 50
● 체력 : 300/300
● 마나 : 200/200
● 속도 : 5
전사의 턴입니다!
어떤 행동을 취할까요?
누구를 공격하시겠습니까?
