연결 성공
=== RPG Game ===
게임을 시작합니다.
당신의 파티를 선택해주세요! ( 3명 남았습니다 )
========현재 선택한 파티=======
1. 전사
당신의 파티를 선택해주세요! ( 2명 남았습니다 )
========현재 선택한 파티=======
1. 전사
2. 마법사
당신의 파티를 선택해주세요! ( 1명 남았습니다 )
========현재 선택한 파티=======
1. 전사
2. 마법사
3. 성직자
파티 구성이 끝났습니다.
---당신의 파티원---
1. 전사
2. 마법사
3. 성직자
------------------------------------------------------------
-전투 시작-
=== 1 Stage ===
4마리 몬스터가 나타났다
====Round1====
전사의 턴입니다!
어떤 행동을 취할까요?
누구의 정보를 확인할까요?
1. 파티원
2. 몬스터
전사의 턴입니다!
어떤 행동을 취할까요?
어떤 스킬을 사용하시겠습니까? (현재 MP : 200)
후려치기을 선택하셨습니다! (MP : 20)
누구를 공격하시겠습니까?
좀비을 목표로 잡았다!
전사가 좀비에게 후려치기을 사용했다!
전사가 90의 데미지를 입혔다.
좀비의 남은 체력 :  110
------------------------------------------------------------
좀비의 턴입니다!
전사을 목표로 잡았다!
좀비가 전사을 공격했다!
좀비가 100의 데미지를 입혔다.
전사의 남은 체력 :  200
------------------------------------------------------------
[Elite]마녀의 턴입니다!
마법사을 목표로 잡았다!
[Elite]마녀가 마법사을 공격했다!
[Elite]마녀가 120의 데미지를 입혔다.
마법사의 남은 체력 :  80
------------------------------------------------------------
성직자의 턴입니다!
어떤 행동을 취할까요?
어떤 스킬을 사용하시겠습니까? (현재 MP : 200)
회복을 선택하셨습니다! (MP : 50)
누구를 치료하시겠습니까?
마법사을 목표로 잡았다!
성직자가 마법사에게 회복을 사용했다!
성직자가 마법사를50만큼 회복시켰다.
마법사의 남은 체력 :  130
------------------------------------------------------------
좀비의 턴입니다!
성직자을 목표로 잡았다!
좀비가 성직자을 공격했다!
좀비가 100의 데미지를 입혔다.
성직자의 남은 체력 :  50
------------------------------------------------------------
마법사의 턴입니다!
어떤 행동을 취할까요?
어떤 스킬을 사용하시겠습니까? (현재 MP : 300)
마력탄을 선택하셨습니다! (MP : 50)
누구를 공격하시겠습니까?
좀비을 목표로 잡았다!
마법사가 좀비에게 마력탄을 사용했다!
마법사가 100의 데미지를 입혔다.
좀비의 남은 체력 :  10
------------------------------------------------------------
마녀의 턴입니다!
성직자을 목표로 잡았다!
마녀가 성직자을 공격했다!
마녀가 50의 데미지를 입혔다.
성직자의 남은 체력 :  0
성직자을 쓰러트렸습니다!
------------------------------------------------------------
====Round2====
전사의 턴입니다!
어떤 행동을 취할까요?
누구의 정보를 확인할까요?
1. 파티원
2. 몬스터
===마법사 정보===
● 이름 : 마법사
● 공격력 : 100
● 방어력 : 30
● 체력 : 156/200
● 마나 : 250/300
● 속도 : 3
전사의 턴입니다!
어떤 행동을 취할까요?
누구의 정보를 확인할까요?
1. 파티원
2. 몬스터
===좀비 정보===
● 이름 : 좀비
● 공격력 : 100
● 방어력 : 30
● 체력 : 12/200
● 속도 : 4
● 속성 : evil
전사의 턴입니다!
어떤 행동을 취할까요?
누구의 정보를 확인할까요?
1. 파티원
2. 몬스터
===좀비 정보===
● 이름 : 좀비
● 공격력 : 100
● 방어력 : 30
● 체력 : 12/200
● 속도 : 4
● 속성 : evil
전사의 턴입니다!
어떤 행동을 취할까요?
